<?xml version="1.0" encoding="UTF-8"?>
<testsuite xmlns:xsi="http://www.w3.org/2001/XMLSchema-instance" xsi:noNamespaceSchemaLocation="https://maven.apache.org/surefire/maven-surefire-plugin/xsd/surefire-test-report.xsd" version="3.0.2" name="com.orangehrm.stepDefinitions.TestRunner" time="37.78" tests="1" errors="0" skipped="0" failures="0">
  <properties>
[...]
</properties>
  <testcase name="Add a new user in OrangeHRM" classname="OrangeHRM Login and Add User Feature" time="36.88">
    <system-out><![CDATA[
@addUser
Scenario: Add a new user in OrangeHRM                                                         # src/test/resources/bdd/features/orangehrm.feature:13
Element: verifyOrangehrmLogoIsVisible is visible
  Given User is on the OrangeHRM login page                                                   # com.orangehrm.stepDefinitions.OrangehrmStepDefinitions.userIsOnTheOrangeHRMLoginPage()

    Embedding screenshot_png [image/png 65822 bytes]

  When User enters username and password and clicks the login button                          # com.orangehrm.stepDefinitions.OrangehrmStepDefinitions.userEntersUsernameAndPasswordAndClicksTheLoginButton()

    Embedding screenshot_png [image/png 88797 bytes]

Element: verifyDashboardTabIsVisible is visible
  Then User is navigated to the OrangeHRM dashboard                                           # com.orangehrm.stepDefinitions.OrangehrmStepDefinitions.userIsNavigatedToTheOrangeHRMDashboard()

    Embedding screenshot_png [image/png 169792 bytes]

Element: verifyDashboardTabIsVisible is visible
  Given User is on the OrangeHRM dashboard                                                    # com.orangehrm.stepDefinitions.OrangehrmStepDefinitions.userIsOnTheOrangeHRMDashboard()

    Embedding screenshot_png [image/png 169792 bytes]

  When User navigates to the Admin tab                                                        # com.orangehrm.stepDefinitions.OrangehrmStepDefinitions.userNavigatesToTheAdminTab()

    Embedding screenshot_png [image/png 169792 bytes]

  And User clicks the Add button                                                              # com.orangehrm.stepDefinitions.OrangehrmStepDefinitions.userClicksTheAddButton()

    Embedding screenshot_png [image/png 169792 bytes]

  And User fills in all required fields                                                       # com.orangehrm.stepDefinitions.OrangehrmStepDefinitions.userFillsInAllRequiredFields()

    Embedding screenshot_png [image/png 169792 bytes]

  And User clicks the Save button                                                             # com.orangehrm.stepDefinitions.OrangehrmStepDefinitions.userClicksTheSaveButton()

    Embedding screenshot_png [image/png 169792 bytes]

  Then User should see a confirmation message indicating the user has been added successfully # com.orangehrm.stepDefinitions.OrangehrmStepDefinitions.userShouldSeeAConfirmationMessageIndicatingTheUserHasBeenAddedSuccessfully()

    Embedding screenshot_png [image/png 169792 bytes]

]]></system-out>
  </testcase>
</testsuite>